Using pre-set license
Built from '2020.3/staging' branch; Version is '2020.3.32f1 (12f8b0834f07) revision 1243312'; Using compiler version '192528614'; Build Type 'Release'
OS: 'Windows 10  (10.0.19044) 64bit Professional' Language: 'ja' Physical Memory: 16194 MB
BatchMode: 1, IsHumanControllingUs: 0, StartBugReporterOnCrash: 0, Is64bit: 1, IsPro: 0

COMMAND LINE ARGUMENTS:
D:\Unity_\2020.3.32f1\Editor\Unity.exe
-adb2
-batchMode
-noUpm
-name
AssetImportWorker3
-projectPath
D:/Unity_/Project/HyogoQuiz
-logFile
Logs/AssetImportWorker3.log
-srvPort
51401
Successfully changed project path to: D:/Unity_/Project/HyogoQuiz
D:/Unity_/Project/HyogoQuiz
Using Asset Import Pipeline V2.
Refreshing native plugins compatible for Editor in 60.44 ms, found 3 plugins.
Preloading 0 native plugins for Editor in 0.00 ms.
Initialize engine version: 2020.3.32f1 (12f8b0834f07)
[Subsystems] Discovering subsystems at path D:/Unity_/2020.3.32f1/Editor/Data/Resources/UnitySubsystems
[Subsystems] Discovering subsystems at path D:/Unity_/Project/HyogoQuiz/Assets
GfxDevice: creating device client; threaded=0
Direct3D:
    Version:  Direct3D 11.0 [level 11.1]
    Renderer: NVIDIA GeForce GTX 1070 (ID=0x1b81)
    Vendor:   
    VRAM:     8088 MB
    Driver:   30.0.15.1123
Initialize mono
Mono path[0] = 'D:/Unity_/2020.3.32f1/Editor/Data/Managed'
Mono path[1] = 'D:/Unity_/2020.3.32f1/Editor/Data/MonoBleedingEdge/lib/mono/unityjit'
Mono config path = 'D:/Unity_/2020.3.32f1/Editor/Data/MonoBleedingEdge/etc'
Using monoOptions --debugger-agent=transport=dt_socket,embedding=1,server=y,suspend=n,address=127.0.0.1:56932
Begin MonoManager ReloadAssembly
Registering precompiled unity dll's ...
Register platform support module: D:/Unity_/2020.3.32f1/Editor/Data/PlaybackEngines/WebGLSupport/UnityEditor.WebGL.Extensions.dll
Register platform support module: D:/Unity_/2020.3.32f1/Editor/Data/PlaybackEngines/WindowsStandaloneSupport/UnityEditor.WindowsStandalone.Extensions.dll
Registered in 0.001283 seconds.
Native extension for WindowsStandalone target not found
Native extension for WebGL target not found
Refreshing native plugins compatible for Editor in 51.66 ms, found 3 plugins.
Preloading 0 native plugins for Editor in 0.00 ms.
Mono: successfully reloaded assembly
- Completed reload, in  0.607 seconds
Domain Reload Profiling:
	ReloadAssembly (607ms)
		BeginReloadAssembly (110ms)
			ExecutionOrderSort (0ms)
			DisableScriptedObjects (0ms)
			BackupInstance (0ms)
			ReleaseScriptingObjects (0ms)
			CreateAndSetChildDomain (1ms)
		EndReloadAssembly (429ms)
			LoadAssemblies (110ms)
			RebuildTransferFunctionScriptingTraits (0ms)
			SetupTypeCache (142ms)
			ReleaseScriptCaches (0ms)
			RebuildScriptCaches (30ms)
			SetupLoadedEditorAssemblies (165ms)
				LogAssemblyErrors (0ms)
				InitializePlatformSupportModulesInManaged (4ms)
				SetLoadedEditorAssemblies (0ms)
				RefreshPlugins (52ms)
				BeforeProcessingInitializeOnLoad (14ms)
				ProcessInitializeOnLoadAttributes (70ms)
				ProcessInitializeOnLoadMethodAttributes (24ms)
				AfterProcessingInitializeOnLoad (0ms)
				EditorAssembliesLoaded (0ms)
			ExecutionOrderSort2 (0ms)
			AwakeInstancesAfterBackupRestoration (0ms)
Platform modules already initialized, skipping
Registering precompiled user dll's ...
Registered in 0.004404 seconds.
Begin MonoManager ReloadAssembly
Native extension for WindowsStandalone target not found
Native extension for WebGL target not found
Refreshing native plugins compatible for Editor in 116.21 ms, found 3 plugins.
Preloading 0 native plugins for Editor in 0.00 ms.
Mono: successfully reloaded assembly
- Completed reload, in 10.564 seconds
Domain Reload Profiling:
	ReloadAssembly (10568ms)
		BeginReloadAssembly (157ms)
			ExecutionOrderSort (0ms)
			DisableScriptedObjects (6ms)
			BackupInstance (0ms)
			ReleaseScriptingObjects (0ms)
			CreateAndSetChildDomain (17ms)
		EndReloadAssembly (10259ms)
			LoadAssemblies (6750ms)
			RebuildTransferFunctionScriptingTraits (0ms)
			SetupTypeCache (1360ms)
			ReleaseScriptCaches (1ms)
			RebuildScriptCaches (121ms)
			SetupLoadedEditorAssemblies (1864ms)
				LogAssemblyErrors (0ms)
				InitializePlatformSupportModulesInManaged (4ms)
				SetLoadedEditorAssemblies (0ms)
				RefreshPlugins (116ms)
				BeforeProcessingInitializeOnLoad (69ms)
				ProcessInitializeOnLoadAttributes (516ms)
				ProcessInitializeOnLoadMethodAttributes (1157ms)
				AfterProcessingInitializeOnLoad (2ms)
				EditorAssembliesLoaded (0ms)
			ExecutionOrderSort2 (0ms)
			AwakeInstancesAfterBackupRestoration (6ms)
Platform modules already initialized, skipping
========================================================================
Worker process is ready to serve import requests
Launched and connected shader compiler UnityShaderCompiler.exe after 0.14 seconds
Refreshing native plugins compatible for Editor in 0.93 ms, found 3 plugins.
Preloading 0 native plugins for Editor in 0.00 ms.
Unloading 2808 Unused Serialized files (Serialized files now loaded: 0)
System memory in use before: 126.2 MB.
System memory in use after: 126.2 MB.

Unloading 36 unused Assets to reduce memory usage. Loaded Objects now: 3238.
Total: 3.092000 ms (FindLiveObjects: 0.210100 ms CreateObjectMapping: 0.095600 ms MarkObjects: 2.655600 ms  DeleteObjects: 0.129800 ms)

AssetImportParameters requested are different than current active one (requested -> active):
  custom:framework-win-MediaFoundation: 216162199b28c13a410421893ffa2e32 -> 
  custom:video-decoder-ogg-theora: a1e56fd34408186e4bbccfd4996cb3dc -> 
  custom:container-muxer-webm: aa71ff27fc2769a1b78a27578f13a17b -> 
  custom:container-demuxer-webm: 4f35f7cbe854078d1ac9338744f61a02 -> 
  custom:container-demuxer-ogg: 62fdf1f143b41e24485cea50d1cbac27 -> 
  custom:video-encoder-webm-vp8: eb34c28f22e8b96e1ab97ce403110664 -> 
  custom:video-decoder-webm-vp8: 9c59270c3fd7afecdb556c50c9e8de78 -> 
  custom:audio-decoder-ogg-vorbis: bf7c407c2cedff20999df2af8eb42d56 -> 
  custom:audio-encoder-webm-vorbis: bf7c407c2cedff20999df2af8eb42d56 -> 
========================================================================
Received Import Request.
  path: Assets/HyogoQuiz/Resources/HyogoQuiz/Sound/Voice/125_ずんだもん（ノーマル）_.wav
  artifactKey: Guid(6a639fab1ad622b4b8020587fad1d655) Importer(815301076,1909f56bfc062723c751e8b465ee728b)
Start importing Assets/HyogoQuiz/Resources/HyogoQuiz/Sound/Voice/125_ずんだもん（ノーマル）_.wav using Guid(6a639fab1ad622b4b8020587fad1d655) Importer(815301076,1909f56bfc062723c751e8b465ee728b)  -> (artifact id: 'f621efc802ca11f62ea015cb080d2820') in 0.158351 seconds 
========================================================================
Received Import Request.
  Time since last request: 4397.356608 seconds.
  path: Assets/HyogoQuiz/Resources/HyogoQuiz/Sound/Voice/001_ずんだもん（ノーマル）_兵庫県の南側に広が….wav
  artifactKey: Guid(8227bb42fa98ccb45ae822d988039220) Importer(815301076,1909f56bfc062723c751e8b465ee728b)
Start importing Assets/HyogoQuiz/Resources/HyogoQuiz/Sound/Voice/001_ずんだもん（ノーマル）_兵庫県の南側に広が….wav using Guid(8227bb42fa98ccb45ae822d988039220) Importer(815301076,1909f56bfc062723c751e8b465ee728b)  -> (artifact id: '4c623b9d057e3dc652337aa71b4e577d') in 0.057903 seconds 
========================================================================
Received Import Request.
  Time since last request: 5.022899 seconds.
  path: Assets/HyogoQuiz/Resources/HyogoQuiz/Sound/Voice/002_ずんだもん（ノーマル）_ぼく、パンダさんだ….wav
  artifactKey: Guid(4962f5ab02dc5274ba753ebb9823c402) Importer(815301076,1909f56bfc062723c751e8b465ee728b)
Start importing Assets/HyogoQuiz/Resources/HyogoQuiz/Sound/Voice/002_ずんだもん（ノーマル）_ぼく、パンダさんだ….wav using Guid(4962f5ab02dc5274ba753ebb9823c402) Importer(815301076,1909f56bfc062723c751e8b465ee728b)  -> (artifact id: 'f3951c42d9fdaa8982e33ae4025c5fb6') in 0.029685 seconds 
========================================================================
Received Import Request.
  Time since last request: 51.095796 seconds.
  path: Assets/HyogoQuiz/Resources/HyogoQuiz/Sound/Voice/003_ずんだもん（ノーマル）_兵庫県の県庁所在地….wav
  artifactKey: Guid(24c1d01a44512bc4ea4445f496c81969) Importer(815301076,1909f56bfc062723c751e8b465ee728b)
Start importing Assets/HyogoQuiz/Resources/HyogoQuiz/Sound/Voice/003_ずんだもん（ノーマル）_兵庫県の県庁所在地….wav using Guid(24c1d01a44512bc4ea4445f496c81969) Importer(815301076,1909f56bfc062723c751e8b465ee728b)  -> (artifact id: '576c58707b170054b93f50e3f49bb268') in 0.012779 seconds 
========================================================================
Received Import Request.
  Time since last request: 1.428995 seconds.
  path: Assets/HyogoQuiz/Resources/HyogoQuiz/Sound/Voice/003_ずんだもん（ノーマル）_名前はシャンシャン！.wav
  artifactKey: Guid(9321d14557f3f434a9734fcebf7b68a5) Importer(815301076,1909f56bfc062723c751e8b465ee728b)
Start importing Assets/HyogoQuiz/Resources/HyogoQuiz/Sound/Voice/003_ずんだもん（ノーマル）_名前はシャンシャン！.wav using Guid(9321d14557f3f434a9734fcebf7b68a5) Importer(815301076,1909f56bfc062723c751e8b465ee728b)  -> (artifact id: '681556669ea2bef1ec82331d176cebaa') in 0.042048 seconds 
========================================================================
Received Prepare
Registering precompiled user dll's ...
Registered in 0.004751 seconds.
Begin MonoManager ReloadAssembly
Native extension for WindowsStandalone target not found
Native extension for WebGL target not found
Refreshing native plugins compatible for Editor in 0.58 ms, found 3 plugins.
Preloading 0 native plugins for Editor in 0.00 ms.
Mono: successfully reloaded assembly
- Completed reload, in  1.113 seconds
Domain Reload Profiling:
	ReloadAssembly (1114ms)
		BeginReloadAssembly (206ms)
			ExecutionOrderSort (0ms)
			DisableScriptedObjects (14ms)
			BackupInstance (0ms)
			ReleaseScriptingObjects (0ms)
			CreateAndSetChildDomain (93ms)
		EndReloadAssembly (858ms)
			LoadAssemblies (145ms)
			RebuildTransferFunctionScriptingTraits (0ms)
			SetupTypeCache (344ms)
			ReleaseScriptCaches (1ms)
			RebuildScriptCaches (41ms)
			SetupLoadedEditorAssemblies (263ms)
				LogAssemblyErrors (0ms)
				InitializePlatformSupportModulesInManaged (5ms)
				SetLoadedEditorAssemblies (1ms)
				RefreshPlugins (1ms)
				BeforeProcessingInitializeOnLoad (70ms)
				ProcessInitializeOnLoadAttributes (176ms)
				ProcessInitializeOnLoadMethodAttributes (9ms)
				AfterProcessingInitializeOnLoad (2ms)
				EditorAssembliesLoaded (0ms)
			ExecutionOrderSort2 (0ms)
			AwakeInstancesAfterBackupRestoration (8ms)
Platform modules already initialized, skipping
Refreshing native plugins compatible for Editor in 0.65 ms, found 3 plugins.
Preloading 0 native plugins for Editor in 0.00 ms.
Unloading 2774 Unused Serialized files (Serialized files now loaded: 0)
System memory in use before: 126.2 MB.
System memory in use after: 126.3 MB.

Unloading 25 unused Assets to reduce memory usage. Loaded Objects now: 3250.
Total: 3.381400 ms (FindLiveObjects: 0.219800 ms CreateObjectMapping: 0.105900 ms MarkObjects: 2.889900 ms  DeleteObjects: 0.164600 ms)

AssetImportParameters requested are different than current active one (requested -> active):
  custom:framework-win-MediaFoundation: 216162199b28c13a410421893ffa2e32 -> 
  custom:video-decoder-ogg-theora: a1e56fd34408186e4bbccfd4996cb3dc -> 
  custom:container-muxer-webm: aa71ff27fc2769a1b78a27578f13a17b -> 
  custom:container-demuxer-webm: 4f35f7cbe854078d1ac9338744f61a02 -> 
  custom:container-demuxer-ogg: 62fdf1f143b41e24485cea50d1cbac27 -> 
  custom:video-encoder-webm-vp8: eb34c28f22e8b96e1ab97ce403110664 -> 
  custom:video-decoder-webm-vp8: 9c59270c3fd7afecdb556c50c9e8de78 -> 
  custom:audio-decoder-ogg-vorbis: bf7c407c2cedff20999df2af8eb42d56 -> 
  custom:audio-encoder-webm-vorbis: bf7c407c2cedff20999df2af8eb42d56 -> 
